0 verbose cli /usr/bin/node /usr/bin/npm
1 info using npm@8.19.2
2 info using node@v16.18.1
3 timing npm:load:whichnode Completed in 1ms
4 timing config:load:defaults Completed in 1ms
5 timing config:load:file:/usr/lib/node_modules/npm/npmrc Completed in 1ms
6 timing config:load:builtin Completed in 1ms
7 timing config:load:cli Completed in 1ms
8 timing config:load:env Completed in 1ms
9 timing config:load:file:/home/team1/html/user/.npmrc Completed in 0ms
10 timing config:load:project Completed in 1ms
11 timing config:load:file:/home/team1/.npmrc Completed in 0ms
12 timing config:load:user Completed in 0ms
13 timing config:load:file:/usr/etc/npmrc Completed in 2ms
14 timing config:load:global Completed in 2ms
15 timing config:load:validate Completed in 0ms
16 timing config:load:credentials Completed in 1ms
17 timing config:load:setEnvs Completed in 1ms
18 timing config:load Completed in 9ms
19 timing npm:load:configload Completed in 9ms
20 timing npm:load:mkdirpcache Completed in 1ms
21 timing npm:load:mkdirplogs Completed in 0ms
22 verbose title npm start
23 verbose argv "start"
24 timing npm:load:setTitle Completed in 1ms
25 timing config:load:flatten Completed in 3ms
26 timing npm:load:display Completed in 5ms
27 verbose logfile logs-max:10 dir:/home/team1/.npm/_logs
28 verbose logfile /home/team1/.npm/_logs/2022-11-30T06_04_25_814Z-debug-0.log
29 timing npm:load:logFile Completed in 4ms
30 timing npm:load:timers Completed in 0ms
31 timing npm:load:configScope Completed in 0ms
32 timing npm:load Completed in 21ms
33 silly logfile start cleaning logs, removing 3 files
34 silly logfile done cleaning log files
35 timing command:run-script Completed in 7ms
36 timing command:start Completed in 9ms
37 verbose stack Error: Missing script: "start"
37 verbose stack
37 verbose stack Did you mean one of these?
37 verbose stack     npm star # Mark your favorite packages
37 verbose stack     npm stars # View packages marked as favorites
37 verbose stack
37 verbose stack To see a list of scripts, run:
37 verbose stack   npm run
37 verbose stack     at RunScript.run (/usr/lib/node_modules/npm/lib/commands/run-script.js:98:13)
37 verbose stack     at async module.exports (/usr/lib/node_modules/npm/lib/cli.js:78:5)
38 verbose cwd /home/team1/html/user
39 verbose Linux 5.19.9-200.fc36.x86_64
40 verbose node v16.18.1
41 verbose npm  v8.19.2
42 error Missing script: "start"
42 error
42 error Did you mean one of these?
42 error     npm star # Mark your favorite packages
42 error     npm stars # View packages marked as favorites
42 error
42 error To see a list of scripts, run:
42 error   npm run
43 verbose exit 1
44 timing npm Completed in 41ms
45 verbose code 1
46 error A complete log of this run can be found in:
46 error     /home/team1/.npm/_logs/2022-11-30T06_04_25_814Z-debug-0.log
